<?xml version="1.0" encoding="UTF-8"?>
<!-- Generated by org.testng.reporters.JUnitReportReporter -->
<testsuite hostname="Tony" name="Selenium.Q2.WebTest" tests="1" failures="0" timestamp="14 May 2017 17:41:20 GMT" time="6.513" errors="0">
  <testcase name="main" time="6.513" classname="Selenium.Q2.WebTest"/>
</testsuite> <!-- Selenium.Q2.WebTest -->
